<?xml version="1.0" encoding="UTF-8"?>
<!-- Generated by org.testng.reporters.JUnitReportReporter -->
<testsuite hostname="DESKTOP-02CR4GB" failures="0" tests="1" name="frame.Test_case1" time="0.015" errors="0" timestamp="2023-04-18T10:38:44 IST" skipped="0">
  <testcase classname="frame.Test_case1" name="tc2" time="0.015"/>
  <system-out/>
</testsuite> <!-- frame.Test_case1 -->
